0 info it worked if it ends with ok
1 verbose cli [ 'C:\\Program Files\\nodejs\\node.exe',
1 verbose cli   'C:\\Users\\mikae\\AppData\\Roaming\\npm\\node_modules\\npm\\bin\\npm-cli.js',
1 verbose cli   'run',
1 verbose cli   'server' ]
2 info using npm@4.0.2
3 info using node@v4.5.0
4 verbose run-script [ 'preserver', 'server', 'postserver' ]
5 info lifecycle survival@1.0.0~preserver: survival@1.0.0
6 silly lifecycle survival@1.0.0~preserver: no script for preserver, continuing
7 info lifecycle survival@1.0.0~server: survival@1.0.0
8 verbose lifecycle survival@1.0.0~server: unsafe-perm in lifecycle true
9 verbose lifecycle survival@1.0.0~server: PATH: C:\Users\mikae\AppData\Roaming\npm\node_modules\npm\bin\node-gyp-bin;C:\Programmering\pixijs\survival\node_modules\.bin;C:\WINDOWS\system32;C:\WINDOWS;C:\WINDOWS\System32\Wbem;C:\WINDOWS\System32\WindowsPowerShell\v1.0\;c:\Program Files (x86)\ATI Technologies\ATI.ACE\Core-Static;C:\Program Files (x86)\Brackets\command;C:\Program Files\nodejs\;C:\Program Files (x86)\Windows Kits\10\Windows Performance Toolkit\;C:\Program Files\Microsoft SQL Server\120\Tools\Binn\;C:\Program Files\Microsoft SQL Server\130\Tools\Binn\;C:\Users\mikae\AppData\Local\Microsoft\WindowsApps;C:\Users\mikae\AppData\Roaming\npm;C:\Users\mikae\AppData\Local\GitHubDesktop\bin;C:\Program Files\Microsoft VS Code\bin
10 verbose lifecycle survival@1.0.0~server: CWD: C:\Programmering\pixijs\survival
11 silly lifecycle survival@1.0.0~server: Args: [ '/d /s /c', 'http-server -a localhost -p 8000 -c-1' ]
12 silly lifecycle survival@1.0.0~server: Returned: code: 3221225786  signal: null
13 info lifecycle survival@1.0.0~server: Failed to exec server script
14 verbose stack Error: survival@1.0.0 server: `http-server -a localhost -p 8000 -c-1`
14 verbose stack Exit status 3221225786
14 verbose stack     at EventEmitter.<anonymous> (C:\Users\mikae\AppData\Roaming\npm\node_modules\npm\lib\utils\lifecycle.js:279:16)
14 verbose stack     at emitTwo (events.js:87:13)
14 verbose stack     at EventEmitter.emit (events.js:172:7)
14 verbose stack     at ChildProcess.<anonymous> (C:\Users\mikae\AppData\Roaming\npm\node_modules\npm\lib\utils\spawn.js:40:14)
14 verbose stack     at emitTwo (events.js:87:13)
14 verbose stack     at ChildProcess.emit (events.js:172:7)
14 verbose stack     at maybeClose (internal/child_process.js:829:16)
14 verbose stack     at Process.ChildProcess._handle.onexit (internal/child_process.js:211:5)
15 verbose pkgid survival@1.0.0
16 verbose cwd C:\Programmering\pixijs\survival
17 error Windows_NT 10.0.16299
18 error argv "C:\\Program Files\\nodejs\\node.exe" "C:\\Users\\mikae\\AppData\\Roaming\\npm\\node_modules\\npm\\bin\\npm-cli.js" "run" "server"
19 error node v4.5.0
20 error npm  v4.0.2
21 error code ELIFECYCLE
22 error survival@1.0.0 server: `http-server -a localhost -p 8000 -c-1`
22 error Exit status 3221225786
23 error Failed at the survival@1.0.0 server script 'http-server -a localhost -p 8000 -c-1'.
23 error Make sure you have the latest version of node.js and npm installed.
23 error If you do, this is most likely a problem with the survival package,
23 error not with npm itself.
23 error Tell the author that this fails on your system:
23 error     http-server -a localhost -p 8000 -c-1
23 error You can get information on how to open an issue for this project with:
23 error     npm bugs survival
23 error Or if that isn't available, you can get their info via:
23 error     npm owner ls survival
23 error There is likely additional logging output above.
24 verbose exit [ 1, true ]
